waiting to take filesystem lock on /home/mamsds/repos/vcpkg/.vcpkg-root...
Detecting compiler hash for triplet x64-linux...
Compiler found: /opt/rh/gcc-toolset-14/root/usr/bin/c++
The following packages are already installed:
  * abseil:x64-linux@20250814.1
  * boost-assert:x64-linux@1.89.0
  * boost-cmake:x64-linux@1.89.0
  * boost-config:x64-linux@1.89.0
  * boost-container-hash:x64-linux@1.89.0
  * boost-core:x64-linux@1.89.0
  * boost-describe:x64-linux@1.89.0
  * boost-dynamic-bitset:x64-linux@1.89.0
  * boost-headers:x64-linux@1.89.0
  * boost-integer:x64-linux@1.89.0
  * boost-io:x64-linux@1.89.0
  * boost-move:x64-linux@1.89.0
  * boost-mp11:x64-linux@1.89.0
  * boost-predef:x64-linux@1.89.0
  * boost-preprocessor:x64-linux@1.89.0
    boost-random:x64-linux@1.89.0
    boost-stacktrace[backtrace,core]:x64-linux@1.89.0
  * boost-static-assert:x64-linux@1.89.0
  * boost-system:x64-linux@1.89.0
  * boost-throw-exception:x64-linux@1.89.0
  * boost-type-traits:x64-linux@1.89.0
  * boost-uninstall:x64-linux@1.89.0
  * boost-utility:x64-linux@1.89.0
    boost-uuid:x64-linux@1.89.0
  * boost-variant2:x64-linux@1.89.0
  * boost-winapi:x64-linux@1.89.0
  * brotli:x64-linux@1.2.0
  * c-ares:x64-linux@1.34.5#1
    cppzmq:x64-linux@4.11.0
    cpr:x64-linux@1.14.1
    curl[core,gnutls,http2,non-http,openssl,ssl]:x64-linux@8.17.0
    cxxopts:x64-linux@3.3.1#1
    drogon:x64-linux@1.9.11
    fmt:x64-linux@12.1.0
  * gmp:x64-linux@6.3.0#3
  * jsoncpp:x64-linux@1.9.6
  * libbacktrace:x64-linux@2024-11-30
  * libgnutls:x64-linux@3.7.8
  * libiconv:x64-linux@1.18#3
  * libidn2:x64-linux@2.3.7#3
  * libtasn1:x64-linux@4.19.0#2
  * libunistring:x64-linux@1.2#3
  * libuuid:x64-linux@1.0.3#15
    mosquitto:x64-linux@2.0.22#1
    ms-gsl:x64-linux@4.2.0
  * nettle:x64-linux@3.10#1
  * nghttp2:x64-linux@1.68.0
    nlohmann-json:x64-linux@3.12.0#1
  * openssl:x64-linux@3.6.0#3
    protobuf:x64-linux@5.29.5#3
  * pthreads:x64-linux@3.0.0#14
    readerwriterqueue:x64-linux@1.0.7
    spdlog:x64-linux@1.16.0
    stb:x64-linux@2024-07-29#1
  * trantor:x64-linux@1.5.24
  * utf8-range:x64-linux@5.29.5
  * uthash:x64-linux@2.3.0
  * vcpkg-boost:x64-linux@2025-03-29
  * vcpkg-cmake:x64-linux@2024-04-23
  * vcpkg-cmake-config:x64-linux@2024-05-23
  * vcpkg-cmake-get-vars:x64-linux@2025-05-29
  * vcpkg-make:x64-linux@2025-10-26
  * zeromq:x64-linux@4.3.5#2
  * zlib:x64-linux@1.3.1
boost-random provides CMake targets:

  # this is heuristically generated, and may not be correct
  find_package(boost_random CONFIG REQUIRED)
  target_link_libraries(main PRIVATE Boost::random)

boost-stacktrace provides CMake targets:

  # this is heuristically generated, and may not be correct
  find_package(boost_stacktrace_addr2line CONFIG REQUIRED)
  target_link_libraries(main PRIVATE Boost::stacktrace_addr2line)

  find_package(boost_stacktrace_backtrace CONFIG REQUIRED)
  target_link_libraries(main PRIVATE Boost::stacktrace_backtrace)

  find_package(boost_stacktrace_basic CONFIG REQUIRED)
  target_link_libraries(main PRIVATE Boost::stacktrace_basic)

  find_package(boost_stacktrace_from_exception CONFIG REQUIRED)
  target_link_libraries(main PRIVATE Boost::stacktrace_from_exception)

  find_package(boost_stacktrace_noop CONFIG REQUIRED)
  target_link_libraries(main PRIVATE Boost::stacktrace_noop)

boost-uuid provides CMake targets:

  # this is heuristically generated, and may not be correct
  find_package(boost_uuid CONFIG REQUIRED)
  target_link_libraries(main PRIVATE Boost::uuid)

cppzmq provides CMake targets:

  # this is heuristically generated, and may not be correct
  find_package(cppzmq CONFIG REQUIRED)
  target_link_libraries(main PRIVATE cppzmq cppzmq-static)

cppzmq provides pkg-config modules:

  # C++ binding for libzmq
  cppzmq

curl is compatible with built-in CMake targets:

    find_package(CURL REQUIRED)
    target_link_libraries(main PRIVATE CURL::libcurl)

cpr provides CMake targets:

  # this is heuristically generated, and may not be correct
  find_package(cpr CONFIG REQUIRED)
  target_link_libraries(main PRIVATE cpr::cpr)

cxxopts provides CMake targets:

  # this is heuristically generated, and may not be correct
  find_package(cxxopts CONFIG REQUIRED)
  target_link_libraries(main PRIVATE cxxopts::cxxopts)

cxxopts provides pkg-config modules:

  # A header-only lightweight C++ command line option parser
  cxxopts

The package drogon provides CMake targets:

    find_package(Drogon CONFIG REQUIRED)
    target_link_libraries(main PRIVATE Drogon::Drogon)

The package fmt provides CMake targets:

    find_package(fmt CONFIG REQUIRED)
    target_link_libraries(main PRIVATE fmt::fmt)

    # Or use the header-only version
    find_package(fmt CONFIG REQUIRED)
    target_link_libraries(main PRIVATE fmt::fmt-header-only)

mosquitto provides CMake targets:

  find_package(unofficial-mosquitto CONFIG REQUIRED)
  # C bindings
  target_link_libraries(main PRIVATE unofficial::mosquitto::mosquitto)
  # C++ bindings
  target_link_libraries(main PRIVATE unofficial::mosquitto::mosquittopp)

mosquitto provides pkg-config modules:

  # mosquitto MQTT library (C bindings)
  libmosquitto

  # mosquitto MQTT library (C++ bindings)
  libmosquittopp

ms-gsl provides CMake targets:

  # this is heuristically generated, and may not be correct
  find_package(Microsoft.GSL CONFIG REQUIRED)
  target_link_libraries(main PRIVATE Microsoft.GSL::GSL)

The package nlohmann-json provides CMake targets:

    find_package(nlohmann_json CONFIG REQUIRED)
    target_link_libraries(main PRIVATE nlohmann_json::nlohmann_json)

The package nlohmann-json can be configured to not provide implicit conversions via a custom triplet file:

    set(nlohmann-json_IMPLICIT_CONVERSIONS OFF)

For more information, see the docs here:
    
    https://json.nlohmann.me/api/macros/json_use_implicit_conversions/

protobuf provides CMake targets:

  # this is heuristically generated, and may not be correct
  find_package(protobuf CONFIG REQUIRED)
  target_link_libraries(main PRIVATE protobuf::libprotoc protobuf::libprotobuf protobuf::libprotobuf-lite)

protobuf provides pkg-config modules:

  # Google's Data Interchange Format
  protobuf-lite

  # Google's Data Interchange Format
  protobuf

readerwriterqueue provides CMake targets:

  # this is heuristically generated, and may not be correct
  find_package(readerwriterqueue CONFIG REQUIRED)
  target_link_libraries(main PRIVATE readerwriterqueue::readerwriterqueue)

The package spdlog provides CMake targets:

    find_package(spdlog CONFIG REQUIRED)
    target_link_libraries(main PRIVATE spdlog::spdlog)

    # Or use the header-only version
    find_package(spdlog CONFIG REQUIRED)
    target_link_libraries(main PRIVATE spdlog::spdlog_header_only)

The package stb provides CMake targets:

    find_package(Stb REQUIRED)
    target_include_directories(main PRIVATE ${Stb_INCLUDE_DIR})
All requested installations completed successfully in: 314 us
